\BOOKMARK [0][-]{chapter.1}{\376\377\000M\000a\000t\000h\000e\000m\000a\000t\000i\000c\000a\000l\000\040\000P\000r\000e\000l\000i\000m\000i\000n\000a\000r\000i\000e\000s}{}% 1
\BOOKMARK [1][-]{section.1.1}{\376\377\000I\000n\000t\000r\000o\000d\000u\000c\000t\000i\000o\000n\000\040\000t\000o\000\040\000N\000u\000m\000e\000r\000i\000c\000a\000l\000\040\000M\000e\000t\000h\000o\000d\000s}{chapter.1}% 2
\BOOKMARK [1][-]{section.1.2}{\376\377\000T\000y\000p\000e\000s\000\040\000o\000f\000\040\000E\000r\000r\000o\000r\000s}{chapter.1}% 3
\BOOKMARK [1][-]{section.1.3}{\376\377\000T\000a\000y\000l\000o\000r\000\040\000S\000e\000r\000i\000e\000s\000\040\000a\000n\000d\000\040\000A\000p\000p\000r\000o\000x\000i\000m\000a\000t\000i\000o\000n}{chapter.1}% 4
\BOOKMARK [1][-]{section.1.4}{\376\377\000N\000u\000m\000b\000e\000r\000\040\000S\000y\000s\000t\000e\000m\000s}{chapter.1}% 5
\BOOKMARK [1][-]{section.1.5}{\376\377\000I\000E\000E\000E\000\040\000F\000l\000o\000a\000t\000i\000n\000g\000-\000P\000o\000i\000n\000t\000\040\000N\000u\000m\000b\000e\000r\000s}{chapter.1}% 6
\BOOKMARK [2][-]{subsection.1.5.1}{\376\377\000I\000E\000E\000E\000\040\0007\0005\0004\000\040\000S\000i\000n\000g\000l\000e\000\040\000P\000r\000e\000c\000i\000s\000i\000o\000n}{section.1.5}% 7
\BOOKMARK [2][-]{subsection.1.5.2}{\376\377\000I\000E\000E\000E\000\040\0007\0005\0004\000\040\000D\000o\000u\000b\000l\000e\000\040\000P\000r\000e\000c\000i\000s\000i\000o\000n}{section.1.5}% 8
\BOOKMARK [1][-]{section.1.6}{\376\377\000A\000l\000g\000o\000r\000i\000t\000h\000m\000s\000,\000\040\000C\000o\000n\000v\000e\000r\000g\000e\000n\000c\000e\000\040\000a\000n\000d\000\040\000A\000c\000c\000u\000r\000a\000c\000y}{chapter.1}% 9
\BOOKMARK [1][-]{section*.2}{\376\377\000T\000u\000t\000o\000r\000i\000a\000l\000\040\0001}{chapter.1}% 10
\BOOKMARK [0][-]{chapter.2}{\376\377\000N\000u\000m\000e\000r\000i\000c\000a\000l\000\040\000L\000i\000n\000e\000a\000r\000\040\000A\000l\000g\000e\000b\000r\000a}{}% 11
\BOOKMARK [1][-]{section.2.1}{\376\377\000L\000i\000n\000e\000a\000r\000\040\000S\000y\000s\000t\000e\000m\000s\000\040\000a\000n\000d\000\040\000D\000i\000r\000e\000c\000t\000\040\000M\000e\000t\000h\000o\000d\000s}{chapter.2}% 12
\BOOKMARK [2][-]{subsection.2.1.1}{\376\377\000G\000a\000u\000s\000s\000i\000a\000n\000\040\000E\000l\000i\000m\000i\000n\000a\000t\000i\000o\000n}{section.2.1}% 13
\BOOKMARK [2][-]{subsection.2.1.2}{\376\377\000P\000i\000v\000o\000t\000i\000n\000g\000\040\000S\000t\000r\000a\000t\000e\000g\000i\000e\000s}{section.2.1}% 14
\BOOKMARK [2][-]{subsection.2.1.3}{\376\377\000M\000a\000t\000r\000i\000x\000\040\000I\000n\000v\000e\000r\000s\000i\000o\000n}{section.2.1}% 15
\BOOKMARK [2][-]{subsection.2.1.4}{\376\377\000M\000a\000t\000r\000i\000x\000\040\000F\000a\000c\000t\000o\000r\000i\000s\000a\000t\000i\000o\000n}{section.2.1}% 16
\BOOKMARK [1][-]{section.2.2}{\376\377\000I\000t\000e\000r\000a\000t\000i\000v\000e\000\040\000M\000e\000t\000h\000o\000d\000s\000\040\000f\000o\000r\000\040\000L\000i\000n\000e\000a\000r\000\040\000S\000y\000s\000t\000e\000m\000s}{chapter.2}% 17
\BOOKMARK [2][-]{subsection.2.2.1}{\376\377\000J\000a\000c\000o\000b\000i\000\040\000M\000e\000t\000h\000o\000d}{section.2.2}% 18
\BOOKMARK [2][-]{subsection.2.2.2}{\376\377\000G\000a\000u\000s\000s\040\023\000S\000e\000i\000d\000e\000l\000\040\000M\000e\000t\000h\000o\000d}{section.2.2}% 19
\BOOKMARK [2][-]{subsection.2.2.3}{\376\377\000S\000u\000c\000c\000e\000s\000s\000i\000v\000e\000\040\000O\000v\000e\000r\000-\000R\000e\000l\000a\000x\000a\000t\000i\000o\000n}{section.2.2}% 20
\BOOKMARK [2][-]{subsection.2.2.4}{\376\377\000C\000o\000n\000j\000u\000g\000a\000t\000e\000\040\000G\000r\000a\000d\000i\000e\000n\000t\000\040\000M\000e\000t\000h\000o\000d}{section.2.2}% 21
\BOOKMARK [1][-]{section.2.3}{\376\377\000E\000i\000g\000e\000n\000v\000a\000l\000u\000e\000s\000\040\000a\000n\000d\000\040\000E\000i\000g\000e\000n\000v\000e\000c\000t\000o\000r\000s}{chapter.2}% 22
\BOOKMARK [2][-]{subsection.2.3.1}{\376\377\000G\000e\000r\000s\000h\000g\000o\000r\000i\000n\000\040\000D\000i\000s\000c\000s}{section.2.3}% 23
\BOOKMARK [2][-]{subsection.2.3.2}{\376\377\000P\000o\000w\000e\000r\000\040\000M\000e\000t\000h\000o\000d}{section.2.3}% 24
\BOOKMARK [2][-]{subsection.2.3.3}{\376\377\000I\000n\000v\000e\000r\000s\000e\000\040\000a\000n\000d\000\040\000S\000h\000i\000f\000t\000e\000d\000\040\000I\000n\000v\000e\000r\000s\000e\000\040\000P\000o\000w\000e\000r\000\040\000M\000e\000t\000h\000o\000d\000s}{section.2.3}% 25
\BOOKMARK [1][-]{section.2.4}{\376\377\000H\000o\000u\000s\000e\000h\000o\000l\000d\000e\000r\000\040\000R\000e\000d\000u\000c\000t\000i\000o\000n\000\040\000a\000n\000d\000\040\000t\000h\000e\000\040\000Q\000R\000\040\000A\000l\000g\000o\000r\000i\000t\000h\000m}{chapter.2}% 26
\BOOKMARK [1][-]{section*.3}{\376\377\000T\000u\000t\000o\000r\000i\000a\000l\000\040\0002}{chapter.2}% 27
\BOOKMARK [0][-]{chapter.3}{\376\377\000S\000o\000l\000u\000t\000i\000o\000n\000\040\000o\000f\000\040\000E\000q\000u\000a\000t\000i\000o\000n\000s}{}% 28
\BOOKMARK [1][-]{section.3.1}{\376\377\000R\000o\000o\000t\000s\000\040\000a\000n\000d\000\040\000L\000o\000c\000a\000t\000i\000n\000g\000\040\000R\000o\000o\000t\000s}{chapter.3}% 29
\BOOKMARK [1][-]{section.3.2}{\376\377\000B\000r\000a\000c\000k\000e\000t\000i\000n\000g\000\040\000M\000e\000t\000h\000o\000d\000s}{chapter.3}% 30
\BOOKMARK [2][-]{subsection.3.2.1}{\376\377\000B\000i\000s\000e\000c\000t\000i\000o\000n\000\040\000M\000e\000t\000h\000o\000d}{section.3.2}% 31
\BOOKMARK [1][-]{section.3.3}{\376\377\000O\000p\000e\000n\000\040\000M\000e\000t\000h\000o\000d\000s}{chapter.3}% 32
\BOOKMARK [2][-]{subsection.3.3.1}{\376\377\000F\000i\000x\000e\000d\000-\000P\000o\000i\000n\000t\000\040\000I\000t\000e\000r\000a\000t\000i\000o\000n}{section.3.3}% 33
\BOOKMARK [2][-]{subsection.3.3.2}{\376\377\000N\000e\000w\000t\000o\000n\040\023\000R\000a\000p\000h\000s\000o\000n\000\040\000M\000e\000t\000h\000o\000d}{section.3.3}% 34
\BOOKMARK [2][-]{subsection.3.3.3}{\376\377\000S\000e\000c\000a\000n\000t\000\040\000M\000e\000t\000h\000o\000d}{section.3.3}% 35
\BOOKMARK [1][-]{section.3.4}{\376\377\000O\000r\000d\000e\000r\000\040\000o\000f\000\040\000C\000o\000n\000v\000e\000r\000g\000e\000n\000c\000e\000\040\000a\000n\000d\000\040\000A\000c\000c\000e\000l\000e\000r\000a\000t\000i\000o\000n}{chapter.3}% 36
\BOOKMARK [2][-]{subsection.3.4.1}{\376\377\000A\000i\000t\000k\000e\000n\000'\000s\000\040\0002\000\040\000P\000r\000o\000c\000e\000s\000s}{section.3.4}% 37
\BOOKMARK [2][-]{subsection.3.4.2}{\376\377\000S\000t\000e\000f\000f\000e\000n\000s\000e\000n\000'\000s\000\040\000M\000e\000t\000h\000o\000d}{section.3.4}% 38
\BOOKMARK [1][-]{section.3.5}{\376\377\000Z\000e\000r\000o\000s\000\040\000o\000f\000\040\000P\000o\000l\000y\000n\000o\000m\000i\000a\000l\000s}{chapter.3}% 39
\BOOKMARK [2][-]{subsection.3.5.1}{\376\377\000M\000\374\000l\000l\000e\000r\000'\000s\000\040\000M\000e\000t\000h\000o\000d}{section.3.5}% 40
\BOOKMARK [1][-]{section.3.6}{\376\377\000S\000y\000s\000t\000e\000m\000s\000\040\000o\000f\000\040\000N\000o\000n\000l\000i\000n\000e\000a\000r\000\040\000E\000q\000u\000a\000t\000i\000o\000n\000s}{chapter.3}% 41
\BOOKMARK [0][-]{chapter.4}{\376\377\000I\000n\000t\000e\000r\000p\000o\000l\000a\000t\000i\000o\000n\000\040\000a\000n\000d\000\040\000P\000o\000l\000y\000n\000o\000m\000i\000a\000l\000\040\000A\000p\000p\000r\000o\000x\000i\000m\000a\000t\000i\000o\000n}{}% 42
\BOOKMARK [1][-]{section.4.1}{\376\377\000T\000h\000e\000\040\000I\000n\000t\000e\000r\000p\000o\000l\000a\000t\000i\000o\000n\000\040\000P\000r\000o\000b\000l\000e\000m}{chapter.4}% 43
\BOOKMARK [1][-]{section.4.2}{\376\377\000C\000a\000r\000d\000i\000n\000a\000l\000\040\000a\000n\000d\000\040\000L\000a\000g\000r\000a\000n\000g\000e\000\040\000P\000o\000l\000y\000n\000o\000m\000i\000a\000l\000s}{chapter.4}% 44
\BOOKMARK [1][-]{section.4.3}{\376\377\000D\000i\000v\000i\000d\000e\000d\000\040\000D\000i\000f\000f\000e\000r\000e\000n\000c\000e\000s\000\040\000a\000n\000d\000\040\000N\000e\000w\000t\000o\000n\000'\000s\000\040\000F\000o\000r\000m\000u\000l\000a}{chapter.4}% 45
\BOOKMARK [1][-]{section.4.4}{\376\377\000F\000o\000r\000w\000a\000r\000d\000\040\000a\000n\000d\000\040\000B\000a\000c\000k\000w\000a\000r\000d\000\040\000D\000i\000f\000f\000e\000r\000e\000n\000c\000e\000s}{chapter.4}% 46
\BOOKMARK [2][-]{subsection.4.4.1}{\376\377\000N\000e\000w\000t\000o\000n\000\040\000F\000o\000r\000w\000a\000r\000d\000\040\000D\000i\000f\000f\000e\000r\000e\000n\000c\000e\000\040\000F\000o\000r\000m\000u\000l\000a}{section.4.4}% 47
\BOOKMARK [2][-]{subsection.4.4.2}{\376\377\000N\000e\000w\000t\000o\000n\000\040\000B\000a\000c\000k\000w\000a\000r\000d\000\040\000D\000i\000f\000f\000e\000r\000e\000n\000c\000e\000\040\000F\000o\000r\000m\000u\000l\000a}{section.4.4}% 48
\BOOKMARK [0][-]{chapter.5}{\376\377\000N\000u\000m\000e\000r\000i\000c\000a\000l\000\040\000D\000i\000f\000f\000e\000r\000e\000n\000t\000i\000a\000t\000i\000o\000n\000\040\000a\000n\000d\000\040\000I\000n\000t\000e\000g\000r\000a\000t\000i\000o\000n}{}% 49
\BOOKMARK [1][-]{section.5.1}{\376\377\000N\000u\000m\000e\000r\000i\000c\000a\000l\000\040\000D\000i\000f\000f\000e\000r\000e\000n\000t\000i\000a\000t\000i\000o\000n}{chapter.5}% 50
\BOOKMARK [2][-]{subsection.5.1.1}{\376\377\000R\000i\000c\000h\000a\000r\000d\000s\000o\000n\000\040\000E\000x\000t\000r\000a\000p\000o\000l\000a\000t\000i\000o\000n}{section.5.1}% 51
\BOOKMARK [1][-]{section.5.2}{\376\377\000N\000u\000m\000e\000r\000i\000c\000a\000l\000\040\000I\000n\000t\000e\000g\000r\000a\000t\000i\000o\000n}{chapter.5}% 52
\BOOKMARK [2][-]{subsection.5.2.1}{\376\377\000C\000o\000m\000p\000o\000s\000i\000t\000e\000\040\000T\000r\000a\000p\000e\000z\000o\000i\000d\000a\000l\000\040\000R\000u\000l\000e}{section.5.2}% 53
\BOOKMARK [2][-]{subsection.5.2.2}{\376\377\000C\000o\000m\000p\000o\000s\000i\000t\000e\000\040\000S\000i\000m\000p\000s\000o\000n\000\040\000R\000u\000l\000e}{section.5.2}% 54
\BOOKMARK [2][-]{subsection.5.2.3}{\376\377\000N\000e\000w\000t\000o\000n\040\023\000C\000o\000t\000e\000s\000\040\000R\000u\000l\000e\000s}{section.5.2}% 55
\BOOKMARK [1][-]{section.5.3}{\376\377\000R\000o\000m\000b\000e\000r\000g\000\040\000I\000n\000t\000e\000g\000r\000a\000t\000i\000o\000n}{chapter.5}% 56
\BOOKMARK [1][-]{section.5.4}{\376\377\000G\000a\000u\000s\000s\000i\000a\000n\000\040\000Q\000u\000a\000d\000r\000a\000t\000u\000r\000e}{chapter.5}% 57
\BOOKMARK [1][-]{section.5.5}{\376\377\000A\000d\000a\000p\000t\000i\000v\000e\000\040\000Q\000u\000a\000d\000r\000a\000t\000u\000r\000e}{chapter.5}% 58
\BOOKMARK [0][-]{chapter.6}{\376\377\000T\000h\000e\000\040\000S\000o\000l\000u\000t\000i\000o\000n\000\040\000o\000f\000\040\000D\000i\000f\000f\000e\000r\000e\000n\000t\000i\000a\000l\000\040\000E\000q\000u\000a\000t\000i\000o\000n\000s}{}% 59
\BOOKMARK [1][-]{section.6.1}{\376\377\000I\000n\000i\000t\000i\000a\000l\000-\000V\000a\000l\000u\000e\000\040\000P\000r\000o\000b\000l\000e\000m\000s}{chapter.6}% 60
\BOOKMARK [1][-]{section.6.2}{\376\377\000E\000u\000l\000e\000r\000'\000s\000\040\000M\000e\000t\000h\000o\000d}{chapter.6}% 61
\BOOKMARK [1][-]{section.6.3}{\376\377\000I\000m\000p\000r\000o\000v\000e\000d\000\040\000E\000u\000l\000e\000r\000\040\000M\000e\000t\000h\000o\000d}{chapter.6}% 62
\BOOKMARK [1][-]{section.6.4}{\376\377\000T\000a\000y\000l\000o\000r\000\040\000S\000e\000r\000i\000e\000s\000\040\000M\000e\000t\000h\000o\000d\000s}{chapter.6}% 63
\BOOKMARK [1][-]{section.6.5}{\376\377\000R\000u\000n\000g\000e\040\023\000K\000u\000t\000t\000a\000\040\000M\000e\000t\000h\000o\000d\000s}{chapter.6}% 64
\BOOKMARK [2][-]{subsection.6.5.1}{\376\377\000A\000d\000a\000p\000t\000i\000v\000e\000\040\000R\000u\000n\000g\000e\040\023\000K\000u\000t\000t\000a\040\023\000F\000e\000h\000l\000b\000e\000r\000g\000\040\000M\000e\000t\000h\000o\000d}{section.6.5}% 65
\BOOKMARK [1][-]{section.6.6}{\376\377\000M\000u\000l\000t\000i\000s\000t\000e\000p\000\040\000M\000e\000t\000h\000o\000d\000s}{chapter.6}% 66
\BOOKMARK [1][-]{section.6.7}{\376\377\000H\000i\000g\000h\000e\000r\000-\000O\000r\000d\000e\000r\000\040\000I\000n\000i\000t\000i\000a\000l\000-\000V\000a\000l\000u\000e\000\040\000P\000r\000o\000b\000l\000e\000m\000s}{chapter.6}% 67
\BOOKMARK [2][-]{subsection.6.7.1}{\376\377\000E\000u\000l\000e\000r\000\040\000M\000e\000t\000h\000o\000d\000\040\000f\000o\000r\000\040\000a\000\040\000S\000y\000s\000t\000e\000m}{section.6.7}% 68
\BOOKMARK [2][-]{subsection.6.7.2}{\376\377\000R\000K\0004\000\040\000f\000o\000r\000\040\000a\000\040\000S\000y\000s\000t\000e\000m}{section.6.7}% 69
\BOOKMARK [1][-]{section.6.8}{\376\377\000S\000t\000a\000b\000i\000l\000i\000t\000y\000\040\000a\000n\000d\000\040\000S\000t\000i\000f\000f\000n\000e\000s\000s}{chapter.6}% 70
\BOOKMARK [0][-]{chapter.7}{\376\377\000B\000o\000u\000n\000d\000a\000r\000y\000-\000V\000a\000l\000u\000e\000\040\000P\000r\000o\000b\000l\000e\000m\000s\000\040\000f\000o\000r\000\040\000O\000D\000E\000s}{}% 71
\BOOKMARK [1][-]{section.7.1}{\376\377\000T\000w\000o\000-\000P\000o\000i\000n\000t\000\040\000B\000o\000u\000n\000d\000a\000r\000y\000-\000V\000a\000l\000u\000e\000\040\000P\000r\000o\000b\000l\000e\000m\000s}{chapter.7}% 72
\BOOKMARK [1][-]{section.7.2}{\376\377\000L\000i\000n\000e\000a\000r\000\040\000S\000h\000o\000o\000t\000i\000n\000g\000\040\000M\000e\000t\000h\000o\000d}{chapter.7}% 73
\BOOKMARK [1][-]{section.7.3}{\376\377\000S\000h\000o\000o\000t\000i\000n\000g\000\040\000f\000o\000r\000\040\000N\000o\000n\000l\000i\000n\000e\000a\000r\000\040\000P\000r\000o\000b\000l\000e\000m\000s}{chapter.7}% 74
\BOOKMARK [1][-]{section.7.4}{\376\377\000F\000i\000n\000i\000t\000e\000-\000D\000i\000f\000f\000e\000r\000e\000n\000c\000e\000\040\000M\000e\000t\000h\000o\000d}{chapter.7}% 75
\BOOKMARK [0][-]{chapter.8}{\376\377\000N\000u\000m\000e\000r\000i\000c\000a\000l\000\040\000S\000o\000l\000u\000t\000i\000o\000n\000s\000\040\000t\000o\000\040\000P\000a\000r\000t\000i\000a\000l\000\040\000D\000i\000f\000f\000e\000r\000e\000n\000t\000i\000a\000l\000\040\000E\000q\000u\000a\000t\000i\000o\000n\000s}{}% 76
\BOOKMARK [1][-]{section.8.1}{\376\377\000C\000l\000a\000s\000s\000i\000f\000i\000c\000a\000t\000i\000o\000n\000\040\000o\000f\000\040\000S\000e\000c\000o\000n\000d\000-\000O\000r\000d\000e\000r\000\040\000P\000D\000E\000s}{chapter.8}% 77
\BOOKMARK [1][-]{section.8.2}{\376\377\000F\000i\000n\000i\000t\000e\000\040\000D\000i\000f\000f\000e\000r\000e\000n\000c\000e\000s\000\040\000f\000o\000r\000\040\000T\000w\000o\000-\000V\000a\000r\000i\000a\000b\000l\000e\000\040\000F\000u\000n\000c\000t\000i\000o\000n\000s}{chapter.8}% 78
\BOOKMARK [1][-]{section.8.3}{\376\377\000P\000a\000r\000a\000b\000o\000l\000i\000c\000\040\000P\000r\000o\000b\000l\000e\000m\000s\000:\000\040\000T\000h\000e\000\040\000H\000e\000a\000t\000\040\000E\000q\000u\000a\000t\000i\000o\000n}{chapter.8}% 79
\BOOKMARK [2][-]{subsection.8.3.1}{\376\377\000F\000T\000C\000S\000\040\000E\000x\000p\000l\000i\000c\000i\000t\000\040\000S\000c\000h\000e\000m\000e}{section.8.3}% 80
\BOOKMARK [2][-]{subsection.8.3.2}{\376\377\000C\000r\000a\000n\000k\040\023\000N\000i\000c\000o\000l\000s\000o\000n\000\040\000I\000m\000p\000l\000i\000c\000i\000t\000\040\000M\000e\000t\000h\000o\000d}{section.8.3}% 81
\BOOKMARK [1][-]{section.8.4}{\376\377\000E\000l\000l\000i\000p\000t\000i\000c\000\040\000P\000r\000o\000b\000l\000e\000m\000s\000:\000\040\000L\000a\000p\000l\000a\000c\000e\000'\000s\000\040\000E\000q\000u\000a\000t\000i\000o\000n}{chapter.8}% 82
\BOOKMARK [1][-]{section.8.5}{\376\377\000H\000y\000p\000e\000r\000b\000o\000l\000i\000c\000\040\000P\000r\000o\000b\000l\000e\000m\000s\000:\000\040\000T\000h\000e\000\040\000W\000a\000v\000e\000\040\000E\000q\000u\000a\000t\000i\000o\000n}{chapter.8}% 83
